000 (3682723.000.000) 07/31 11:21:29 Job submitted from host: <188.184.90.62:9618?addrs=188.184.90.62-9618&noUDP&sock=2916_b641_3>
...
000 (3682723.001.000) 07/31 11:21:29 Job submitted from host: <188.184.90.62:9618?addrs=188.184.90.62-9618&noUDP&sock=2916_b641_3>
...
001 (3682723.001.000) 07/31 11:31:34 Job executing on host: <188.184.181.151:9618?addrs=188.184.181.151-9618+[--1]-9618&noUDP&sock=4664_b1cd_3>
...
006 (3682723.001.000) 07/31 11:31:43 Image size of job updated: 4992
	4  -  MemoryUsage of job (MB)
	3432  -  ResidentSetSize of job (KB)
...
005 (3682723.001.000) 07/31 11:31:44 Job terminated.
	(1) Normal termination (return value 0)
		Usr 0 00:00:01, Sys 0 00:00:00  -  Run Remote Usage
		Usr 0 00:00:00, Sys 0 00:00:00  -  Run Local Usage
		Usr 0 00:00:01, Sys 0 00:00:00  -  Total Remote Usage
		Usr 0 00:00:00, Sys 0 00:00:00  -  Total Local Usage
	196  -  Run Bytes Sent By Job
	108  -  Run Bytes Received By Job
	196  -  Total Bytes Sent By Job
	108  -  Total Bytes Received By Job
	Partitionable Resources :    Usage  Request Allocated
	   Cpus                 :                 1          
	   Disk (KB)            :       16        1   1658111
	   Memory (MB)          :        4     2000      2000
...
001 (3682723.000.000) 07/31 11:31:45 Job executing on host: <188.184.181.151:9618?addrs=188.184.181.151-9618+[--1]-9618&noUDP&sock=4664_b1cd_3>
...
006 (3682723.000.000) 07/31 11:31:49 Image size of job updated: 1
	0  -  MemoryUsage of job (MB)
	0  -  ResidentSetSize of job (KB)
...
005 (3682723.000.000) 07/31 11:31:49 Job terminated.
	(1) Normal termination (return value 0)
		Usr 0 00:00:01, Sys 0 00:00:00  -  Run Remote Usage
		Usr 0 00:00:00, Sys 0 00:00:00  -  Run Local Usage
		Usr 0 00:00:01, Sys 0 00:00:00  -  Total Remote Usage
		Usr 0 00:00:00, Sys 0 00:00:00  -  Total Local Usage
	195  -  Run Bytes Sent By Job
	108  -  Run Bytes Received By Job
	195  -  Total Bytes Sent By Job
	108  -  Total Bytes Received By Job
	Partitionable Resources :    Usage  Request Allocated
	   Cpus                 :                 1          
	   Disk (KB)            :       16        1   1658111
	   Memory (MB)          :        0     2000      2000
...
