000 (3682722.000.000) 07/31 11:09:11 Job submitted from host: <188.184.90.62:9618?addrs=188.184.90.62-9618&noUDP&sock=2916_b641_3>
...
000 (3682722.001.000) 07/31 11:09:11 Job submitted from host: <188.184.90.62:9618?addrs=188.184.90.62-9618&noUDP&sock=2916_b641_3>
...
000 (3682722.002.000) 07/31 11:09:11 Job submitted from host: <188.184.90.62:9618?addrs=188.184.90.62-9618&noUDP&sock=2916_b641_3>
...
001 (3682722.001.000) 07/31 11:17:23 Job executing on host: <188.184.212.41:9618?addrs=188.184.212.41-9618+[2001-1458-301-10c--100-3e]-9618&noUDP&sock=20352_5b90_3>
...
001 (3682722.000.000) 07/31 11:17:23 Job executing on host: <188.184.212.41:9618?addrs=188.184.212.41-9618+[2001-1458-301-10c--100-3e]-9618&noUDP&sock=20352_5b90_3>
...
006 (3682722.001.000) 07/31 11:17:26 Image size of job updated: 3636
	0  -  MemoryUsage of job (MB)
	0  -  ResidentSetSize of job (KB)
...
006 (3682722.000.000) 07/31 11:17:26 Image size of job updated: 3188
	0  -  MemoryUsage of job (MB)
	0  -  ResidentSetSize of job (KB)
...
005 (3682722.000.000) 07/31 11:17:26 Job terminated.
	(1) Normal termination (return value 0)
		Usr 0 00:00:01, Sys 0 00:00:00  -  Run Remote Usage
		Usr 0 00:00:00, Sys 0 00:00:00  -  Run Local Usage
		Usr 0 00:00:01, Sys 0 00:00:00  -  Total Remote Usage
		Usr 0 00:00:00, Sys 0 00:00:00  -  Total Local Usage
	195  -  Run Bytes Sent By Job
	108  -  Run Bytes Received By Job
	195  -  Total Bytes Sent By Job
	108  -  Total Bytes Received By Job
	Partitionable Resources :    Usage  Request Allocated
	   Cpus                 :                 1          
	   Disk (KB)            :       15        1   2876600
	   Memory (MB)          :        0     2000      2000
...
005 (3682722.001.000) 07/31 11:17:27 Job terminated.
	(1) Normal termination (return value 0)
		Usr 0 00:00:01, Sys 0 00:00:00  -  Run Remote Usage
		Usr 0 00:00:00, Sys 0 00:00:00  -  Run Local Usage
		Usr 0 00:00:01, Sys 0 00:00:00  -  Total Remote Usage
		Usr 0 00:00:00, Sys 0 00:00:00  -  Total Local Usage
	199  -  Run Bytes Sent By Job
	108  -  Run Bytes Received By Job
	199  -  Total Bytes Sent By Job
	108  -  Total Bytes Received By Job
	Partitionable Resources :    Usage  Request Allocated
	   Cpus                 :                 1          
	   Disk (KB)            :       15        1   2876715
	   Memory (MB)          :        0     2000      2000
...
001 (3682722.002.000) 07/31 11:17:28 Job executing on host: <188.184.212.41:9618?addrs=188.184.212.41-9618+[2001-1458-301-10c--100-3e]-9618&noUDP&sock=20352_5b90_3>
...
006 (3682722.002.000) 07/31 11:17:30 Image size of job updated: 1
	0  -  MemoryUsage of job (MB)
	0  -  ResidentSetSize of job (KB)
...
005 (3682722.002.000) 07/31 11:17:30 Job terminated.
	(1) Normal termination (return value 0)
		Usr 0 00:00:01, Sys 0 00:00:00  -  Run Remote Usage
		Usr 0 00:00:00, Sys 0 00:00:00  -  Run Local Usage
		Usr 0 00:00:01, Sys 0 00:00:00  -  Total Remote Usage
		Usr 0 00:00:00, Sys 0 00:00:00  -  Total Local Usage
	198  -  Run Bytes Sent By Job
	108  -  Run Bytes Received By Job
	198  -  Total Bytes Sent By Job
	108  -  Total Bytes Received By Job
	Partitionable Resources :    Usage  Request Allocated
	   Cpus                 :                 1          
	   Disk (KB)            :       15        1   2876600
	   Memory (MB)          :        0     2000      2000
...
