000 (3652946.000.000) 07/22 17:12:22 Job submitted from host: <188.184.90.62:9618?addrs=188.184.90.62-9618&noUDP&sock=2916_b641_3>
...
000 (3652946.001.000) 07/22 17:12:22 Job submitted from host: <188.184.90.62:9618?addrs=188.184.90.62-9618&noUDP&sock=2916_b641_3>
...
000 (3652946.002.000) 07/22 17:12:22 Job submitted from host: <188.184.90.62:9618?addrs=188.184.90.62-9618&noUDP&sock=2916_b641_3>
...
000 (3652946.003.000) 07/22 17:12:22 Job submitted from host: <188.184.90.62:9618?addrs=188.184.90.62-9618&noUDP&sock=2916_b641_3>
...
000 (3652946.004.000) 07/22 17:12:22 Job submitted from host: <188.184.90.62:9618?addrs=188.184.90.62-9618&noUDP&sock=2916_b641_3>
...
000 (3652946.005.000) 07/22 17:12:22 Job submitted from host: <188.184.90.62:9618?addrs=188.184.90.62-9618&noUDP&sock=2916_b641_3>
...
001 (3652946.001.000) 07/22 18:22:11 Job executing on host: <188.184.192.77:9618?addrs=188.184.192.77-9618+[--1]-9618&noUDP&sock=4689_d7ab_3>
...
001 (3652946.002.000) 07/22 18:22:11 Job executing on host: <128.142.224.184:9618?addrs=128.142.224.184-9618+[2001-1458-301-84--100-2]-9618&noUDP&sock=4691_36dc_3>
...
001 (3652946.000.000) 07/22 18:22:11 Job executing on host: <188.184.192.135:9618?addrs=188.184.192.135-9618+[--1]-9618&noUDP&sock=4687_787b_3>
...
001 (3652946.003.000) 07/22 18:22:12 Job executing on host: <188.184.192.166:9618?addrs=188.184.192.166-9618+[--1]-9618&noUDP&sock=4688_2813_3>
...
006 (3652946.001.000) 07/22 18:22:12 Image size of job updated: 12500
	0  -  MemoryUsage of job (MB)
	0  -  ResidentSetSize of job (KB)
...
006 (3652946.002.000) 07/22 18:22:12 Image size of job updated: 12500
	0  -  MemoryUsage of job (MB)
	0  -  ResidentSetSize of job (KB)
...
005 (3652946.001.000) 07/22 18:22:12 Job terminated.
	(1) Normal termination (return value 0)
		Usr 0 00:00:00, Sys 0 00:00:00  -  Run Remote Usage
		Usr 0 00:00:00, Sys 0 00:00:00  -  Run Local Usage
		Usr 0 00:00:00, Sys 0 00:00:00  -  Total Remote Usage
		Usr 0 00:00:00, Sys 0 00:00:00  -  Total Local Usage
	52116  -  Run Bytes Sent By Job
	12486391  -  Run Bytes Received By Job
	52116  -  Total Bytes Sent By Job
	12486391  -  Total Bytes Received By Job
	Partitionable Resources :    Usage  Request Allocated
	   Cpus                 :                 1          
	   Disk (KB)            :    12500    12500   1848613
	   Memory (MB)          :        0     2000      2000
...
005 (3652946.002.000) 07/22 18:22:12 Job terminated.
	(1) Normal termination (return value 0)
		Usr 0 00:00:00, Sys 0 00:00:00  -  Run Remote Usage
		Usr 0 00:00:00, Sys 0 00:00:00  -  Run Local Usage
		Usr 0 00:00:00, Sys 0 00:00:00  -  Total Remote Usage
		Usr 0 00:00:00, Sys 0 00:00:00  -  Total Local Usage
	52116  -  Run Bytes Sent By Job
	12486391  -  Run Bytes Received By Job
	52116  -  Total Bytes Sent By Job
	12486391  -  Total Bytes Received By Job
	Partitionable Resources :    Usage  Request Allocated
	   Cpus                 :                 1          
	   Disk (KB)            :    12500    12500   1806884
	   Memory (MB)          :        0     2000      2000
...
006 (3652946.003.000) 07/22 18:22:13 Image size of job updated: 12500
	0  -  MemoryUsage of job (MB)
	0  -  ResidentSetSize of job (KB)
...
006 (3652946.000.000) 07/22 18:22:13 Image size of job updated: 12500
	0  -  MemoryUsage of job (MB)
	0  -  ResidentSetSize of job (KB)
...
005 (3652946.003.000) 07/22 18:22:13 Job terminated.
	(1) Normal termination (return value 0)
		Usr 0 00:00:00, Sys 0 00:00:00  -  Run Remote Usage
		Usr 0 00:00:00, Sys 0 00:00:00  -  Run Local Usage
		Usr 0 00:00:00, Sys 0 00:00:00  -  Total Remote Usage
		Usr 0 00:00:00, Sys 0 00:00:00  -  Total Local Usage
	52062  -  Run Bytes Sent By Job
	12486389  -  Run Bytes Received By Job
	52062  -  Total Bytes Sent By Job
	12486389  -  Total Bytes Received By Job
	Partitionable Resources :    Usage  Request Allocated
	   Cpus                 :                 1          
	   Disk (KB)            :    12500    12500   1837862
	   Memory (MB)          :        0     2000      2000
...
005 (3652946.000.000) 07/22 18:22:13 Job terminated.
	(1) Normal termination (return value 0)
		Usr 0 00:00:00, Sys 0 00:00:00  -  Run Remote Usage
		Usr 0 00:00:00, Sys 0 00:00:00  -  Run Local Usage
		Usr 0 00:00:00, Sys 0 00:00:00  -  Total Remote Usage
		Usr 0 00:00:00, Sys 0 00:00:00  -  Total Local Usage
	52116  -  Run Bytes Sent By Job
	12486391  -  Run Bytes Received By Job
	52116  -  Total Bytes Sent By Job
	12486391  -  Total Bytes Received By Job
	Partitionable Resources :    Usage  Request Allocated
	   Cpus                 :                 1          
	   Disk (KB)            :    12500    12500   1825474
	   Memory (MB)          :        0     2000      2000
...
001 (3652946.004.000) 07/22 18:22:14 Job executing on host: <188.184.192.42:9618?addrs=188.184.192.42-9618+[2001-1458-301-83--100-34]-9618&noUDP&sock=4685_194a_3>
...
001 (3652946.005.000) 07/22 18:22:14 Job executing on host: <188.184.192.8:9618?addrs=188.184.192.8-9618+[2001-1458-301-83--100-13]-9618&noUDP&sock=4678_4c20_3>
...
006 (3652946.004.000) 07/22 18:22:15 Image size of job updated: 185932
	0  -  MemoryUsage of job (MB)
	0  -  ResidentSetSize of job (KB)
...
005 (3652946.004.000) 07/22 18:22:15 Job terminated.
	(1) Normal termination (return value 0)
		Usr 0 00:00:00, Sys 0 00:00:00  -  Run Remote Usage
		Usr 0 00:00:00, Sys 0 00:00:00  -  Run Local Usage
		Usr 0 00:00:00, Sys 0 00:00:00  -  Total Remote Usage
		Usr 0 00:00:00, Sys 0 00:00:00  -  Total Local Usage
	52062  -  Run Bytes Sent By Job
	12486389  -  Run Bytes Received By Job
	52062  -  Total Bytes Sent By Job
	12486389  -  Total Bytes Received By Job
	Partitionable Resources :    Usage  Request Allocated
	   Cpus                 :                 1          
	   Disk (KB)            :    12500    12500   1838253
	   Memory (MB)          :        0     2000      2000
...
006 (3652946.005.000) 07/22 18:22:16 Image size of job updated: 185924
	0  -  MemoryUsage of job (MB)
	0  -  ResidentSetSize of job (KB)
...
005 (3652946.005.000) 07/22 18:22:16 Job terminated.
	(1) Normal termination (return value 0)
		Usr 0 00:00:00, Sys 0 00:00:00  -  Run Remote Usage
		Usr 0 00:00:00, Sys 0 00:00:00  -  Run Local Usage
		Usr 0 00:00:00, Sys 0 00:00:00  -  Total Remote Usage
		Usr 0 00:00:00, Sys 0 00:00:00  -  Total Local Usage
	52062  -  Run Bytes Sent By Job
	12486389  -  Run Bytes Received By Job
	52062  -  Total Bytes Sent By Job
	12486389  -  Total Bytes Received By Job
	Partitionable Resources :    Usage  Request Allocated
	   Cpus                 :                 1          
	   Disk (KB)            :    12500    12500   1861438
	   Memory (MB)          :        0     2000      2000
...
