000 (3652857.000.000) 07/22 14:28:09 Job submitted from host: <188.184.90.62:9618?addrs=188.184.90.62-9618&noUDP&sock=2916_b641_3>
...
000 (3652857.001.000) 07/22 14:28:09 Job submitted from host: <188.184.90.62:9618?addrs=188.184.90.62-9618&noUDP&sock=2916_b641_3>
...
000 (3652857.002.000) 07/22 14:28:09 Job submitted from host: <188.184.90.62:9618?addrs=188.184.90.62-9618&noUDP&sock=2916_b641_3>
...
000 (3652857.003.000) 07/22 14:28:09 Job submitted from host: <188.184.90.62:9618?addrs=188.184.90.62-9618&noUDP&sock=2916_b641_3>
...
000 (3652857.004.000) 07/22 14:28:09 Job submitted from host: <188.184.90.62:9618?addrs=188.184.90.62-9618&noUDP&sock=2916_b641_3>
...
000 (3652857.005.000) 07/22 14:28:09 Job submitted from host: <188.184.90.62:9618?addrs=188.184.90.62-9618&noUDP&sock=2916_b641_3>
...
001 (3652857.002.000) 07/22 14:39:54 Job executing on host: <188.184.192.174:9618?addrs=188.184.192.174-9618+[--1]-9618&noUDP&sock=4668_702e_3>
...
001 (3652857.000.000) 07/22 14:39:54 Job executing on host: <188.184.192.210:9618?addrs=188.184.192.210-9618+[--1]-9618&noUDP&sock=4681_5ae9_3>
...
001 (3652857.001.000) 07/22 14:39:55 Job executing on host: <188.184.192.150:9618?addrs=188.184.192.150-9618+[--1]-9618&noUDP&sock=4685_194a_3>
...
006 (3652857.000.000) 07/22 14:39:55 Image size of job updated: 12500
	0  -  MemoryUsage of job (MB)
	0  -  ResidentSetSize of job (KB)
...
006 (3652857.002.000) 07/22 14:39:56 Image size of job updated: 151304
	0  -  MemoryUsage of job (MB)
	0  -  ResidentSetSize of job (KB)
...
005 (3652857.000.000) 07/22 14:39:56 Job terminated.
	(1) Normal termination (return value 0)
		Usr 0 00:00:00, Sys 0 00:00:00  -  Run Remote Usage
		Usr 0 00:00:00, Sys 0 00:00:00  -  Run Local Usage
		Usr 0 00:00:00, Sys 0 00:00:00  -  Total Remote Usage
		Usr 0 00:00:00, Sys 0 00:00:00  -  Total Local Usage
	52157  -  Run Bytes Sent By Job
	12486389  -  Run Bytes Received By Job
	52157  -  Total Bytes Sent By Job
	12486389  -  Total Bytes Received By Job
	Partitionable Resources :    Usage  Request Allocated
	   Cpus                 :                 1          
	   Disk (KB)            :    12500    12500   1819159
	   Memory (MB)          :        0     2000      2000
...
005 (3652857.002.000) 07/22 14:39:56 Job terminated.
	(1) Normal termination (return value 0)
		Usr 0 00:00:00, Sys 0 00:00:00  -  Run Remote Usage
		Usr 0 00:00:00, Sys 0 00:00:00  -  Run Local Usage
		Usr 0 00:00:00, Sys 0 00:00:00  -  Total Remote Usage
		Usr 0 00:00:00, Sys 0 00:00:00  -  Total Local Usage
	52157  -  Run Bytes Sent By Job
	12486389  -  Run Bytes Received By Job
	52157  -  Total Bytes Sent By Job
	12486389  -  Total Bytes Received By Job
	Partitionable Resources :    Usage  Request Allocated
	   Cpus                 :                 1          
	   Disk (KB)            :    12500    12500   1879671
	   Memory (MB)          :        0     2000      2000
...
001 (3652857.005.000) 07/22 14:39:56 Job executing on host: <188.184.192.45:9618?addrs=188.184.192.45-9618+[--1]-9618&noUDP&sock=4717_0c52_3>
...
001 (3652857.003.000) 07/22 14:39:56 Job executing on host: <188.184.192.164:9618?addrs=188.184.192.164-9618+[--1]-9618&noUDP&sock=4663_0235_3>
...
006 (3652857.001.000) 07/22 14:39:56 Image size of job updated: 12500
	0  -  MemoryUsage of job (MB)
	0  -  ResidentSetSize of job (KB)
...
005 (3652857.001.000) 07/22 14:39:56 Job terminated.
	(1) Normal termination (return value 0)
		Usr 0 00:00:00, Sys 0 00:00:00  -  Run Remote Usage
		Usr 0 00:00:00, Sys 0 00:00:00  -  Run Local Usage
		Usr 0 00:00:00, Sys 0 00:00:00  -  Total Remote Usage
		Usr 0 00:00:00, Sys 0 00:00:00  -  Total Local Usage
	52157  -  Run Bytes Sent By Job
	12486389  -  Run Bytes Received By Job
	52157  -  Total Bytes Sent By Job
	12486389  -  Total Bytes Received By Job
	Partitionable Resources :    Usage  Request Allocated
	   Cpus                 :                 1          
	   Disk (KB)            :    12500    12500   1888996
	   Memory (MB)          :        0     2000      2000
...
001 (3652857.004.000) 07/22 14:39:57 Job executing on host: <188.184.192.128:9618?addrs=188.184.192.128-9618+[--1]-9618&noUDP&sock=4671_7ef7_3>
...
006 (3652857.005.000) 07/22 14:39:57 Image size of job updated: 12500
	0  -  MemoryUsage of job (MB)
	0  -  ResidentSetSize of job (KB)
...
005 (3652857.005.000) 07/22 14:39:57 Job terminated.
	(1) Normal termination (return value 0)
		Usr 0 00:00:00, Sys 0 00:00:00  -  Run Remote Usage
		Usr 0 00:00:00, Sys 0 00:00:00  -  Run Local Usage
		Usr 0 00:00:00, Sys 0 00:00:00  -  Total Remote Usage
		Usr 0 00:00:00, Sys 0 00:00:00  -  Total Local Usage
	52103  -  Run Bytes Sent By Job
	12486387  -  Run Bytes Received By Job
	52103  -  Total Bytes Sent By Job
	12486387  -  Total Bytes Received By Job
	Partitionable Resources :    Usage  Request Allocated
	   Cpus                 :                 1          
	   Disk (KB)            :    12500    12500   1873458
	   Memory (MB)          :        0     2000      2000
...
006 (3652857.004.000) 07/22 14:39:58 Image size of job updated: 12500
	0  -  MemoryUsage of job (MB)
	0  -  ResidentSetSize of job (KB)
...
005 (3652857.004.000) 07/22 14:39:58 Job terminated.
	(1) Normal termination (return value 0)
		Usr 0 00:00:00, Sys 0 00:00:00  -  Run Remote Usage
		Usr 0 00:00:00, Sys 0 00:00:00  -  Run Local Usage
		Usr 0 00:00:00, Sys 0 00:00:00  -  Total Remote Usage
		Usr 0 00:00:00, Sys 0 00:00:00  -  Total Local Usage
	52103  -  Run Bytes Sent By Job
	12486387  -  Run Bytes Received By Job
	52103  -  Total Bytes Sent By Job
	12486387  -  Total Bytes Received By Job
	Partitionable Resources :    Usage  Request Allocated
	   Cpus                 :                 1          
	   Disk (KB)            :    12500    12500   1800608
	   Memory (MB)          :        0     2000      2000
...
006 (3652857.003.000) 07/22 14:39:59 Image size of job updated: 323620
	0  -  MemoryUsage of job (MB)
	0  -  ResidentSetSize of job (KB)
...
005 (3652857.003.000) 07/22 14:39:59 Job terminated.
	(1) Normal termination (return value 0)
		Usr 0 00:00:00, Sys 0 00:00:01  -  Run Remote Usage
		Usr 0 00:00:00, Sys 0 00:00:00  -  Run Local Usage
		Usr 0 00:00:00, Sys 0 00:00:01  -  Total Remote Usage
		Usr 0 00:00:00, Sys 0 00:00:00  -  Total Local Usage
	52103  -  Run Bytes Sent By Job
	12486387  -  Run Bytes Received By Job
	52103  -  Total Bytes Sent By Job
	12486387  -  Total Bytes Received By Job
	Partitionable Resources :    Usage  Request Allocated
	   Cpus                 :                 1          
	   Disk (KB)            :    12500    12500   1835377
	   Memory (MB)          :        0     2000      2000
...
