000 (3578458.000.000) 06/25 14:23:54 Job submitted from host: <188.184.90.62:9618?addrs=188.184.90.62-9618+[2001-1458-201-e4--100-238]-9618&noUDP&sock=4172854_56e0_42>
...
000 (3578458.001.000) 06/25 14:23:54 Job submitted from host: <188.184.90.62:9618?addrs=188.184.90.62-9618+[2001-1458-201-e4--100-238]-9618&noUDP&sock=4172854_56e0_42>
...
001 (3578458.001.000) 06/25 14:26:26 Job executing on host: <188.184.133.123:9618?addrs=188.184.133.123-9618+[2001-1458-301-a0--100-15b]-9618&noUDP&sock=16564_1ad0_3>
...
006 (3578458.001.000) 06/25 14:26:27 Image size of job updated: 12500
	0  -  MemoryUsage of job (MB)
	0  -  ResidentSetSize of job (KB)
...
005 (3578458.001.000) 06/25 14:26:27 Job terminated.
	(1) Normal termination (return value 0)
		Usr 0 00:00:00, Sys 0 00:00:00  -  Run Remote Usage
		Usr 0 00:00:00, Sys 0 00:00:00  -  Run Local Usage
		Usr 0 00:00:00, Sys 0 00:00:00  -  Total Remote Usage
		Usr 0 00:00:00, Sys 0 00:00:00  -  Total Local Usage
	52109  -  Run Bytes Sent By Job
	12486384  -  Run Bytes Received By Job
	52109  -  Total Bytes Sent By Job
	12486384  -  Total Bytes Received By Job
	Partitionable Resources :    Usage  Request Allocated
	   Cpus                 :                 1          
	   Disk (KB)            :    12500    12500   2199829
	   Memory (MB)          :        0     2000      2000
...
001 (3578458.000.000) 06/25 14:26:28 Job executing on host: <188.184.142.213:9618?addrs=188.184.142.213-9618+[2001-1458-301-46--100-c4]-9618&noUDP&sock=4728_97dd_3>
...
006 (3578458.000.000) 06/25 14:26:29 Image size of job updated: 323620
	0  -  MemoryUsage of job (MB)
	0  -  ResidentSetSize of job (KB)
...
005 (3578458.000.000) 06/25 14:26:29 Job terminated.
	(1) Normal termination (return value 0)
		Usr 0 00:00:00, Sys 0 00:00:00  -  Run Remote Usage
		Usr 0 00:00:00, Sys 0 00:00:00  -  Run Local Usage
		Usr 0 00:00:00, Sys 0 00:00:00  -  Total Remote Usage
		Usr 0 00:00:00, Sys 0 00:00:00  -  Total Local Usage
	52109  -  Run Bytes Sent By Job
	12486384  -  Run Bytes Received By Job
	52109  -  Total Bytes Sent By Job
	12486384  -  Total Bytes Received By Job
	Partitionable Resources :    Usage  Request Allocated
	   Cpus                 :                 1          
	   Disk (KB)            :    12500    12500   2106017
	   Memory (MB)          :        0     2000      2000
...
