000 (3580600.000.000) 06/25 16:47:59 Job submitted from host: <188.184.90.62:9618?addrs=188.184.90.62-9618+[2001-1458-201-e4--100-238]-9618&noUDP&sock=4172854_56e0_42>
...
000 (3580600.001.000) 06/25 16:47:59 Job submitted from host: <188.184.90.62:9618?addrs=188.184.90.62-9618+[2001-1458-201-e4--100-238]-9618&noUDP&sock=4172854_56e0_42>
...
001 (3580600.000.000) 06/25 16:50:46 Job executing on host: <188.184.192.17:9618?addrs=188.184.192.17-9618+[2001-1458-301-83--100-1d]-9618&noUDP&sock=4685_194a_3>
...
006 (3580600.000.000) 06/25 16:50:47 Image size of job updated: 12500
	0  -  MemoryUsage of job (MB)
	0  -  ResidentSetSize of job (KB)
...
005 (3580600.000.000) 06/25 16:50:47 Job terminated.
	(1) Normal termination (return value 0)
		Usr 0 00:00:00, Sys 0 00:00:00  -  Run Remote Usage
		Usr 0 00:00:00, Sys 0 00:00:00  -  Run Local Usage
		Usr 0 00:00:00, Sys 0 00:00:00  -  Total Remote Usage
		Usr 0 00:00:00, Sys 0 00:00:00  -  Total Local Usage
	52109  -  Run Bytes Sent By Job
	12486384  -  Run Bytes Received By Job
	52109  -  Total Bytes Sent By Job
	12486384  -  Total Bytes Received By Job
	Partitionable Resources :    Usage  Request Allocated
	   Cpus                 :                 1          
	   Disk (KB)            :    12500    12500   1178971
	   Memory (MB)          :        0     2000      2000
...
001 (3580600.001.000) 06/25 16:50:50 Job executing on host: <188.184.192.17:9618?addrs=188.184.192.17-9618+[2001-1458-301-83--100-1d]-9618&noUDP&sock=4685_194a_3>
...
006 (3580600.001.000) 06/25 16:50:51 Image size of job updated: 12500
	0  -  MemoryUsage of job (MB)
	0  -  ResidentSetSize of job (KB)
...
005 (3580600.001.000) 06/25 16:50:51 Job terminated.
	(1) Normal termination (return value 0)
		Usr 0 00:00:00, Sys 0 00:00:00  -  Run Remote Usage
		Usr 0 00:00:00, Sys 0 00:00:00  -  Run Local Usage
		Usr 0 00:00:00, Sys 0 00:00:00  -  Total Remote Usage
		Usr 0 00:00:00, Sys 0 00:00:00  -  Total Local Usage
	52109  -  Run Bytes Sent By Job
	12486384  -  Run Bytes Received By Job
	52109  -  Total Bytes Sent By Job
	12486384  -  Total Bytes Received By Job
	Partitionable Resources :    Usage  Request Allocated
	   Cpus                 :                 1          
	   Disk (KB)            :    12500    12500   1178971
	   Memory (MB)          :        0     2000      2000
...
